c:\users\diego\downloads\proyectobeta\proyectobeta\debug\vc143.pdb
c:\users\diego\downloads\proyectobeta\proyectobeta\debug\vc143.idb
c:\users\diego\downloads\proyectobeta\proyectobeta\debug\window.obj
c:\users\diego\downloads\proyectobeta\proyectobeta\debug\toroide.obj
c:\users\diego\downloads\proyectobeta\proyectobeta\debug\texture.obj
c:\users\diego\downloads\proyectobeta\proyectobeta\debug\spotlight.obj
c:\users\diego\downloads\proyectobeta\proyectobeta\debug\sphere.obj
c:\users\diego\downloads\proyectobeta\proyectobeta\debug\skybox.obj
c:\users\diego\downloads\proyectobeta\proyectobeta\debug\shader_light.obj
c:\users\diego\downloads\proyectobeta\proyectobeta\debug\proyecto.obj
c:\users\diego\downloads\proyectobeta\proyectobeta\debug\pointlight.obj
c:\users\diego\downloads\proyectobeta\proyectobeta\debug\model.obj
c:\users\diego\downloads\proyectobeta\proyectobeta\debug\mesh.obj
c:\users\diego\downloads\proyectobeta\proyectobeta\debug\material.obj
c:\users\diego\downloads\proyectobeta\proyectobeta\debug\light.obj
c:\users\diego\downloads\proyectobeta\proyectobeta\debug\directionallight.obj
c:\users\diego\downloads\proyectobeta\proyectobeta\debug\camera.obj
c:\users\diego\downloads\proyectobeta\proyectobeta\debug\cargamodelos.ilk
c:\users\diego\downloads\proyectobeta\proyectobeta\debug\cargamodelos.exe
c:\users\diego\downloads\proyectobeta\proyectobeta\debug\cargamodelos.pdb
c:\users\diego\downloads\proyectobeta\proyectobeta\debug\cargamodelos.tlog\cl.command.1.tlog
c:\users\diego\downloads\proyectobeta\proyectobeta\debug\cargamodelos.tlog\cl.read.1.tlog
c:\users\diego\downloads\proyectobeta\proyectobeta\debug\cargamodelos.tlog\cl.write.1.tlog
c:\users\diego\downloads\proyectobeta\proyectobeta\debug\cargamodelos.tlog\link.command.1.tlog
c:\users\diego\downloads\proyectobeta\proyectobeta\debug\cargamodelos.tlog\link.read.1.tlog
c:\users\diego\downloads\proyectobeta\proyectobeta\debug\cargamodelos.tlog\link.write.1.tlog
